ItemLocalIds not assigned densely in : :in_impl_Fn_return_in_parameters[
    0
]. Max ItemLocalId = 26, missing IDs = [
    "[local_id: 18, owner: ::in_impl_Fn_return_in_parameters[0]]",
    "[local_id: 19, owner: ::in_impl_Fn_return_in_parameters[0]]"
]; seens IDs = [
    "(HirId { owner: DefId(0:4 ~ where_allowed[317d]::in_impl_Fn_return_in_parameters[0]), local_id: 0 } fn in_impl_Fn_return_in_parameters (hir_id=HirId { owner: DefId(0:4 ~ where_allowed[317d]::in_impl_Fn_return_in_parameters[0]), local_id: 0 }))",
    "(HirId { owner: DefId(0:4 ~ where_allowed[317d]::in_impl_Fn_return_in_parameters[0]), local_id: 26 } type &impl Fn() -> impl Debug (hir_id=HirId { owner: DefId(0:4 ~ where_allowed[317d]::in_impl_Fn_return_in_parameters[0]), local_id: 26 }))",
    "(HirId { owner: DefId(0:4 ~ where_allowed[317d]::in_impl_Fn_return_in_parameters[0]), local_id: 23 } trait ref Fn() -> impl Debug (hir_id=HirId { owner: DefId(0:4 ~ where_allowed[317d]::in_impl_Fn_return_in_parameters[0]), local_id: 23 }))",
    "(HirId { owner: DefId(0:4 ~ where_allowed[317d]::in_impl_Fn_return_in_parameters[0]), local_id: 20 } unknown node (hir_id=HirId { owner: DefId(0:4 ~ where_allowed[317d]::in_impl_Fn_return_in_parameters[0]), local_id: 20 }))",
    "(HirId { owner: DefId(0:4 ~ where_allowed[317d]::in_impl_Fn_return_in_parameters[0]), local_id: 17 } trait ref Debug (hir_id=HirId { owner: DefId(0:4 ~ where_allowed[317d]::in_impl_Fn_return_in_parameters[0]), local_id: 17 }))",
    "(HirId { owner: DefId(0:4 ~ where_allowed[317d]::in_impl_Fn_return_in_parameters[0]), local_id: 14 } expr { panic!() } (hir_id=HirId { owner: DefId(0:4 ~ where_allowed[317d]::in_impl_Fn_return_in_parameters[0]), local_id: 14 }))",
    "(HirId { owner: DefId(0:4 ~ where_allowed[317d]::in_impl_Fn_return_in_parameters[0]), local_id: 11 } block { $crate::panic!(\"explicit panic\") } (hir_id=HirId { owner: DefId(0:4 ~ where_allowed[317d]::in_impl_Fn_return_in_parameters[0]), local_id: 11 }))",
    "(HirId { owner: DefId(0:4 ~ where_allowed[317d]::in_impl_Fn_return_in_parameters[0]), local_id: 8 } expr $crate::rt::begin_panic($msg) (hir_id=HirId { owner: DefId(0:4 ~ where_allowed[317d]::in_impl_Fn_return_in_parameters[0]), local_id: 8 }))",
    "(HirId { owner: DefId(0:4 ~ where_allowed[317d]::in_impl_Fn_return_in_parameters[0]), local_id: 5 } path segment begin_panic (hir_id=HirId { owner: DefId(0:4 ~ where_allowed[317d]::in_impl_Fn_return_in_parameters[0]), local_id: 5 }))",
    "(HirId { owner: DefId(0:4 ~ where_allowed[317d]::in_impl_Fn_return_in_parameters[0]), local_id: 2 } param _: &impl Fn() -> impl Debug) (hir_id=HirId { owner: DefId(0:4 ~ where_allowed[317d]::in_impl_Fn_return_in_parameters[0]), local_id: 2 }))",
    "(HirId { owner: DefId(0:4 ~ where_allowed[317d]::in_impl_Fn_return_in_parameters[0]), local_id: 25 } type impl Fn() -> impl Debug (hir_id=HirId { owner: DefId(0:4 ~ where_allowed[317d]::in_impl_Fn_return_in_parameters[0]), local_id: 25 }))",
    "(HirId { owner: DefId(0:4 ~ where_allowed[317d]::in_impl_Fn_return_in_parameters[0]), local_id: 22 } path segment Fn (hir_id=HirId { owner: DefId(0:4 ~ where_allowed[317d]::in_impl_Fn_return_in_parameters[0]), local_id: 22 }))",
    "(HirId { owner: DefId(0:4 ~ where_allowed[317d]::in_impl_Fn_return_in_parameters[0]), local_id: 16 } path segment Debug (hir_id=HirId { owner: DefId(0:4 ~ where_allowed[317d]::in_impl_Fn_return_in_parameters[0]), local_id: 16 }))",
    "(HirId { owner: DefId(0:4 ~ where_allowed[317d]::in_impl_Fn_return_in_parameters[0]), local_id: 13 } block { panic!() } (hir_id=HirId { owner: DefId(0:4 ~ where_allowed[317d]::in_impl_Fn_return_in_parameters[0]), local_id: 13 }))",
    "(HirId { owner: DefId(0:4 ~ where_allowed[317d]::in_impl_Fn_return_in_parameters[0]), local_id: 10 } expr { $crate::rt::begin_panic($msg) } (hir_id=HirId { owner: DefId(0:4 ~ where_allowed[317d]::in_impl_Fn_return_in_parameters[0]), local_id: 10 }))",
    "(HirId { owner: DefId(0:4 ~ where_allowed[317d]::in_impl_Fn_return_in_parameters[0]), local_id: 7 } expr \"explicit panic\" (hir_id=HirId { owner: DefId(0:4 ~ where_allowed[317d]::in_impl_Fn_return_in_parameters[0]), local_id: 7 }))",
    "(HirId { owner: DefId(0:4 ~ where_allowed[317d]::in_impl_Fn_return_in_parameters[0]), local_id: 4 } path segment rt (hir_id=HirId { owner: DefId(0:4 ~ where_allowed[317d]::in_impl_Fn_return_in_parameters[0]), local_id: 4 }))",
    "(HirId { owner: DefId(0:4 ~ where_allowed[317d]::in_impl_Fn_return_in_parameters[0]), local_id: 1 } pat _ (hir_id=HirId { owner: DefId(0:4 ~ where_allowed[317d]::in_impl_Fn_return_in_parameters[0]), local_id: 1 }))",
    "(HirId { owner: DefId(0:4 ~ where_allowed[317d]::in_impl_Fn_return_in_parameters[0]), local_id: 24 } generic_param GenericParam { hir_id: HirId { owner: DefId(0:4 ~ where_allowed[317d]::in_impl_Fn_return_in_parameters[0]), local_id: 24 }, name: Plain(impl Fn() -> impl Debug#0), attrs: [], bounds: [Trait(PolyTraitRef { bound_generic_params: [], trait_ref: TraitRef { path: Path { span: src/test/ui/impl-trait/where-allowed.rs:2:45: 2:63 (#0), res: Def(Trait, DefId(2:2103 ~ core[a1e0]::ops[0]::function[0]::Fn[0])), segments: [PathSegment { ident: Fn#0, hir_id: Some(HirId { owner: DefId(0:4 ~ where_allowed[317d]::in_impl_Fn_return_in_parameters[0]), local_id: 22 }), res: Some(Def(Trait, DefId(2:2103 ~ core[a1e0]::ops[0]::function[0]::Fn[0]))), args: Some(GenericArgs { args: [Type(Ty { hir_id: HirId { owner: DefId(0:4 ~ where_allowed[317d]::in_impl_Fn_return_in_parameters[0]), local_id: 21 }, kind: Tup([]), span: src/test/ui/impl-trait/where-allowed.rs:2:45: 2:49 (#0) })], bindings: [TypeBinding { hir_id: HirId { owner: DefId(0:4 ~ where_allowed[317d]::in_impl_Fn_return_in_parameters[0]), local_id: 20 }, ident: Output#0, kind: Constraint { bounds: [Trait(PolyTraitRef { bound_generic_params: [], trait_ref: TraitRef { path: Path { span: src/test/ui/impl-trait/where-allowed.rs:2:58: 2:63 (#0), res: Def(Trait, DefId(2:6178 ~ core[a1e0]::fmt[0]::Debug[0])), segments: [PathSegment { ident: Debug#0, hir_id: Some(HirId { owner: DefId(0:4 ~ where_allowed[317d]::in_impl_Fn_return_in_parameters[0]), local_id: 16 }), res: Some(Def(Trait, DefId(2:6178 ~ core[a1e0]::fmt[0]::Debug[0]))), args: None, infer_args: false }] }, hir_ref_id: HirId { owner: DefId(0:4 ~ where_allowed[317d]::in_impl_Fn_return_in_parameters[0]), local_id: 17 } }, span: src/test/ui/impl-trait/where-allowed.rs:2:58: 2:63 (#0) }, None)] }, span: src/test/ui/impl-trait/where-allowed.rs:2:45: 2:49 (#0) }], parenthesized: true }), infer_args: false }] }, hir_ref_id: HirId { owner: DefId(0:4 ~ where_allowed[317d]::in_impl_Fn_return_in_parameters[0]), local_id: 23 } }, span: src/test/ui/impl-trait/where-allowed.rs:2:45: 2:63 (#0) }, None)], span: src/test/ui/impl-trait/where-allowed.rs:2:40: 2:63 (#0), pure_wrt_drop: false, kind: Type { default: None, synthetic: Some(ImplTrait) } } (hir_id=HirId { owner: DefId(0:4 ~ where_allowed[317d]::in_impl_Fn_return_in_parameters[0]), local_id: 24 }))",
    "(HirId { owner: DefId(0:4 ~ where_allowed[317d]::in_impl_Fn_return_in_parameters[0]), local_id: 21 } type Fn() (hir_id=HirId { owner: DefId(0:4 ~ where_allowed[317d]::in_impl_Fn_return_in_parameters[0]), local_id: 21 }))",
    "(HirId { owner: DefId(0:4 ~ where_allowed[317d]::in_impl_Fn_return_in_parameters[0]), local_id: 15 } lifetime & (hir_id=HirId { owner: DefId(0:4 ~ where_allowed[317d]::in_impl_Fn_return_in_parameters[0]), local_id: 15 }))",
    "(HirId { owner: DefId(0:4 ~ where_allowed[317d]::in_impl_Fn_return_in_parameters[0]), local_id: 12 } expr { $crate::panic!(\"explicit panic\") } (hir_id=HirId { owner: DefId(0:4 ~ where_allowed[317d]::in_impl_Fn_return_in_parameters[0]), local_id: 12 }))",
    "(HirId { owner: DefId(0:4 ~ where_allowed[317d]::in_impl_Fn_return_in_parameters[0]), local_id: 9 } block { $crate::rt::begin_panic($msg) } (hir_id=HirId { owner: DefId(0:4 ~ where_allowed[317d]::in_impl_Fn_return_in_parameters[0]), local_id: 9 }))",
    "(HirId { owner: DefId(0:4 ~ where_allowed[317d]::in_impl_Fn_return_in_parameters[0]), local_id: 6 } expr $crate::rt::begin_panic (hir_id=HirId { owner: DefId(0:4 ~ where_allowed[317d]::in_impl_Fn_return_in_parameters[0]), local_id: 6 }))",
    "(HirId { owner: DefId(0:4 ~ where_allowed[317d]::in_impl_Fn_return_in_parameters[0]), local_id: 3 } path segment $crate (hir_id=HirId { owner: DefId(0:4 ~ where_allowed[317d]::in_impl_Fn_return_in_parameters[0]), local_id: 3 }))"
]
